INFO:     Started server process [33200]
INFO:     Waiting for application startup.
INFO:     Application startup complete.
INFO:     Uvicorn running on http://0.0.0.0:8001 (Press CTRL+C to quit)
ERROR:    Exception in ASGI application
Traceback (most recent call last):
  File "C:\Users\yaser.alyousfi\Downloads\Misc\AZAN_UPDATED\AZAN\backend\venv\Lib\site-packages\httpx\_transports\default.py", line 101, in map_httpcore_exceptions
    yield
  File "C:\Users\yaser.alyousfi\Downloads\Misc\AZAN_UPDATED\AZAN\backend\venv\Lib\site-packages\httpx\_transports\default.py", line 394, in handle_async_request
    resp = await self._pool.handle_async_request(req)
           ^^^^^^^^^^^^^^^^^^^^^^^^^^^^^^^^^^^^^^^^^^
  File "C:\Users\yaser.alyousfi\Downloads\Misc\AZAN_UPDATED\AZAN\backend\venv\Lib\site-packages\httpcore\_async\connection_pool.py", line 256, in handle_async_request
    raise exc from None
  File "C:\Users\yaser.alyousfi\Downloads\Misc\AZAN_UPDATED\AZAN\backend\venv\Lib\site-packages\httpcore\_async\connection_pool.py", line 236, in handle_async_request
    response = await connection.handle_async_request(
               ^^^^^^^^^^^^^^^^^^^^^^^^^^^^^^^^^^^^^^
  File "C:\Users\yaser.alyousfi\Downloads\Misc\AZAN_UPDATED\AZAN\backend\venv\Lib\site-packages\httpcore\_async\http_proxy.py", line 288, in handle_async_request
    connect_response = await self._connection.handle_async_request(
                       ^^^^^^^^^^^^^^^^^^^^^^^^^^^^^^^^^^^^^^^^^^^^
  File "C:\Users\yaser.alyousfi\Downloads\Misc\AZAN_UPDATED\AZAN\backend\venv\Lib\site-packages\httpcore\_async\connection.py", line 101, in handle_async_request
    raise exc
  File "C:\Users\yaser.alyousfi\Downloads\Misc\AZAN_UPDATED\AZAN\backend\venv\Lib\site-packages\httpcore\_async\connection.py", line 78, in handle_async_request
    stream = await self._connect(request)
             ^^^^^^^^^^^^^^^^^^^^^^^^^^^^
  File "C:\Users\yaser.alyousfi\Downloads\Misc\AZAN_UPDATED\AZAN\backend\venv\Lib\site-packages\httpcore\_async\connection.py", line 124, in _connect
    stream = await self._network_backend.connect_tcp(**kwargs)
             ^^^^^^^^^^^^^^^^^^^^^^^^^^^^^^^^^^^^^^^^^^^^^^^^^
  File "C:\Users\yaser.alyousfi\Downloads\Misc\AZAN_UPDATED\AZAN\backend\venv\Lib\site-packages\httpcore\_backends\auto.py", line 31, in connect_tcp
    return await self._backend.connect_tcp(
           ^^^^^^^^^^^^^^^^^^^^^^^^^^^^^^^^
  File "C:\Users\yaser.alyousfi\Downloads\Misc\AZAN_UPDATED\AZAN\backend\venv\Lib\site-packages\httpcore\_backends\anyio.py", line 113, in connect_tcp
    with map_exceptions(exc_map):
         ^^^^^^^^^^^^^^^^^^^^^^^
  File "C:\Program Files\WindowsApps\PythonSoftwareFoundation.Python.3.12_3.12.2800.0_x64__qbz5n2kfra8p0\Lib\contextlib.py", line 158, in __exit__
    self.gen.throw(value)
  File "C:\Users\yaser.alyousfi\Downloads\Misc\AZAN_UPDATED\AZAN\backend\venv\Lib\site-packages\httpcore\_exceptions.py", line 14, in map_exceptions
    raise to_exc(exc) from exc
httpcore.ConnectError: All connection attempts failed

The above exception was the direct cause of the following exception:

Traceback (most recent call last):
  File "C:\Users\yaser.alyousfi\Downloads\Misc\AZAN_UPDATED\AZAN\backend\venv\Lib\site-packages\uvicorn\protocols\http\h11_impl.py", line 415, in run_asgi
    result = await app(  # type: ignore[func-returns-value]
             ^^^^^^^^^^^^^^^^^^^^^^^^^^^^^^^^^^^^^^^^^^^^^^
  File "C:\Users\yaser.alyousfi\Downloads\Misc\AZAN_UPDATED\AZAN\backend\venv\Lib\site-packages\uvicorn\middleware\proxy_headers.py", line 56, in __call__
    return await self.app(scope, receive, send)
           ^^^^^^^^^^^^^^^^^^^^^^^^^^^^^^^^^^^^
  File "C:\Users\yaser.alyousfi\Downloads\Misc\AZAN_UPDATED\AZAN\backend\venv\Lib\site-packages\fastapi\applications.py", line 1159, in __call__
    await super().__call__(scope, receive, send)
  File "C:\Users\yaser.alyousfi\Downloads\Misc\AZAN_UPDATED\AZAN\backend\venv\Lib\site-packages\starlette\applications.py", line 90, in __call__
    await self.middleware_stack(scope, receive, send)
  File "C:\Users\yaser.alyousfi\Downloads\Misc\AZAN_UPDATED\AZAN\backend\venv\Lib\site-packages\starlette\middleware\errors.py", line 186, in __call__
    raise exc
  File "C:\Users\yaser.alyousfi\Downloads\Misc\AZAN_UPDATED\AZAN\backend\venv\Lib\site-packages\starlette\middleware\errors.py", line 164, in __call__
    await self.app(scope, receive, _send)
  File "C:\Users\yaser.alyousfi\Downloads\Misc\AZAN_UPDATED\AZAN\backend\venv\Lib\site-packages\starlette\middleware\cors.py", line 88, in __call__
    await self.app(scope, receive, send)
  File "C:\Users\yaser.alyousfi\Downloads\Misc\AZAN_UPDATED\AZAN\backend\venv\Lib\site-packages\starlette\middleware\exceptions.py", line 63, in __call__
    await wrap_app_handling_exceptions(self.app, conn)(scope, receive, send)
  File "C:\Users\yaser.alyousfi\Downloads\Misc\AZAN_UPDATED\AZAN\backend\venv\Lib\site-packages\starlette\_exception_handler.py", line 53, in wrapped_app
    raise exc
  File "C:\Users\yaser.alyousfi\Downloads\Misc\AZAN_UPDATED\AZAN\backend\venv\Lib\site-packages\starlette\_exception_handler.py", line 42, in wrapped_app
    await app(scope, receive, sender)
  File "C:\Users\yaser.alyousfi\Downloads\Misc\AZAN_UPDATED\AZAN\backend\venv\Lib\site-packages\fastapi\middleware\asyncexitstack.py", line 18, in __call__
    await self.app(scope, receive, send)
  File "C:\Users\yaser.alyousfi\Downloads\Misc\AZAN_UPDATED\AZAN\backend\venv\Lib\site-packages\starlette\routing.py", line 660, in __call__
    await self.middleware_stack(scope, receive, send)
  File "C:\Users\yaser.alyousfi\Downloads\Misc\AZAN_UPDATED\AZAN\backend\venv\Lib\site-packages\starlette\routing.py", line 680, in app
    await route.handle(scope, receive, send)
  File "C:\Users\yaser.alyousfi\Downloads\Misc\AZAN_UPDATED\AZAN\backend\venv\Lib\site-packages\starlette\routing.py", line 276, in handle
    await self.app(scope, receive, send)
  File "C:\Users\yaser.alyousfi\Downloads\Misc\AZAN_UPDATED\AZAN\backend\venv\Lib\site-packages\fastapi\routing.py", line 134, in app
    await wrap_app_handling_exceptions(app, request)(scope, receive, send)
  File "C:\Users\yaser.alyousfi\Downloads\Misc\AZAN_UPDATED\AZAN\backend\venv\Lib\site-packages\starlette\_exception_handler.py", line 53, in wrapped_app
    raise exc
  File "C:\Users\yaser.alyousfi\Downloads\Misc\AZAN_UPDATED\AZAN\backend\venv\Lib\site-packages\starlette\_exception_handler.py", line 42, in wrapped_app
    await app(scope, receive, sender)
  File "C:\Users\yaser.alyousfi\Downloads\Misc\AZAN_UPDATED\AZAN\backend\venv\Lib\site-packages\fastapi\routing.py", line 121, in app
    await response(scope, receive, send)
  File "C:\Users\yaser.alyousfi\Downloads\Misc\AZAN_UPDATED\AZAN\backend\venv\Lib\site-packages\starlette\responses.py", line 273, in __call__
    with collapse_excgroups():
         ^^^^^^^^^^^^^^^^^^^^
  File "C:\Program Files\WindowsApps\PythonSoftwareFoundation.Python.3.12_3.12.2800.0_x64__qbz5n2kfra8p0\Lib\contextlib.py", line 158, in __exit__
    self.gen.throw(value)
  File "C:\Users\yaser.alyousfi\Downloads\Misc\AZAN_UPDATED\AZAN\backend\venv\Lib\site-packages\starlette\_utils.py", line 87, in collapse_excgroups
    raise exc
  File "C:\Users\yaser.alyousfi\Downloads\Misc\AZAN_UPDATED\AZAN\backend\venv\Lib\site-packages\starlette\responses.py", line 277, in wrap
    await func()
  File "C:\Users\yaser.alyousfi\Downloads\Misc\AZAN_UPDATED\AZAN\backend\venv\Lib\site-packages\starlette\responses.py", line 250, in stream_response
    async for chunk in self.body_iterator:
  File "C:\Users\yaser.alyousfi\Downloads\Misc\AZAN_UPDATED\AZAN\backend\server.py", line 192, in stream_generator
    async with client.stream("GET", RADIO_STREAM_URL, timeout=None) as response:
               ^^^^^^^^^^^^^^^^^^^^^^^^^^^^^^^^^^^^^^^^^^^^^^^^^^^^
  File "C:\Program Files\WindowsApps\PythonSoftwareFoundation.Python.3.12_3.12.2800.0_x64__qbz5n2kfra8p0\Lib\contextlib.py", line 210, in __aenter__
    return await anext(self.gen)
           ^^^^^^^^^^^^^^^^^^^^^
  File "C:\Users\yaser.alyousfi\Downloads\Misc\AZAN_UPDATED\AZAN\backend\venv\Lib\site-packages\httpx\_client.py", line 1583, in stream
    response = await self.send(
               ^^^^^^^^^^^^^^^^
  File "C:\Users\yaser.alyousfi\Downloads\Misc\AZAN_UPDATED\AZAN\backend\venv\Lib\site-packages\httpx\_client.py", line 1629, in send
    response = await self._send_handling_auth(
               ^^^^^^^^^^^^^^^^^^^^^^^^^^^^^^^
  File "C:\Users\yaser.alyousfi\Downloads\Misc\AZAN_UPDATED\AZAN\backend\venv\Lib\site-packages\httpx\_client.py", line 1657, in _send_handling_auth
    response = await self._send_handling_redirects(
               ^^^^^^^^^^^^^^^^^^^^^^^^^^^^^^^^^^^^
  File "C:\Users\yaser.alyousfi\Downloads\Misc\AZAN_UPDATED\AZAN\backend\venv\Lib\site-packages\httpx\_client.py", line 1694, in _send_handling_redirects
    response = await self._send_single_request(request)
               ^^^^^^^^^^^^^^^^^^^^^^^^^^^^^^^^^^^^^^^^
  File "C:\Users\yaser.alyousfi\Downloads\Misc\AZAN_UPDATED\AZAN\backend\venv\Lib\site-packages\httpx\_client.py", line 1730, in _send_single_request
    response = await transport.handle_async_request(request)
               ^^^^^^^^^^^^^^^^^^^^^^^^^^^^^^^^^^^^^^^^^^^^^
  File "C:\Users\yaser.alyousfi\Downloads\Misc\AZAN_UPDATED\AZAN\backend\venv\Lib\site-packages\httpx\_transports\default.py", line 393, in handle_async_request
    with map_httpcore_exceptions():
         ^^^^^^^^^^^^^^^^^^^^^^^^^
  File "C:\Program Files\WindowsApps\PythonSoftwareFoundation.Python.3.12_3.12.2800.0_x64__qbz5n2kfra8p0\Lib\contextlib.py", line 158, in __exit__
    self.gen.throw(value)
  File "C:\Users\yaser.alyousfi\Downloads\Misc\AZAN_UPDATED\AZAN\backend\venv\Lib\site-packages\httpx\_transports\default.py", line 118, in map_httpcore_exceptions
    raise mapped_exc(message) from exc
httpx.ConnectError: All connection attempts failed
ERROR:    Exception in ASGI application
Traceback (most recent call last):
  File "C:\Users\yaser.alyousfi\Downloads\Misc\AZAN_UPDATED\AZAN\backend\venv\Lib\site-packages\httpx\_transports\default.py", line 101, in map_httpcore_exceptions
    yield
  File "C:\Users\yaser.alyousfi\Downloads\Misc\AZAN_UPDATED\AZAN\backend\venv\Lib\site-packages\httpx\_transports\default.py", line 394, in handle_async_request
    resp = await self._pool.handle_async_request(req)
           ^^^^^^^^^^^^^^^^^^^^^^^^^^^^^^^^^^^^^^^^^^
  File "C:\Users\yaser.alyousfi\Downloads\Misc\AZAN_UPDATED\AZAN\backend\venv\Lib\site-packages\httpcore\_async\connection_pool.py", line 256, in handle_async_request
    raise exc from None
  File "C:\Users\yaser.alyousfi\Downloads\Misc\AZAN_UPDATED\AZAN\backend\venv\Lib\site-packages\httpcore\_async\connection_pool.py", line 236, in handle_async_request
    response = await connection.handle_async_request(
               ^^^^^^^^^^^^^^^^^^^^^^^^^^^^^^^^^^^^^^
  File "C:\Users\yaser.alyousfi\Downloads\Misc\AZAN_UPDATED\AZAN\backend\venv\Lib\site-packages\httpcore\_async\http_proxy.py", line 288, in handle_async_request
    connect_response = await self._connection.handle_async_request(
                       ^^^^^^^^^^^^^^^^^^^^^^^^^^^^^^^^^^^^^^^^^^^^
  File "C:\Users\yaser.alyousfi\Downloads\Misc\AZAN_UPDATED\AZAN\backend\venv\Lib\site-packages\httpcore\_async\connection.py", line 101, in handle_async_request
    raise exc
  File "C:\Users\yaser.alyousfi\Downloads\Misc\AZAN_UPDATED\AZAN\backend\venv\Lib\site-packages\httpcore\_async\connection.py", line 78, in handle_async_request
    stream = await self._connect(request)
             ^^^^^^^^^^^^^^^^^^^^^^^^^^^^
  File "C:\Users\yaser.alyousfi\Downloads\Misc\AZAN_UPDATED\AZAN\backend\venv\Lib\site-packages\httpcore\_async\connection.py", line 124, in _connect
    stream = await self._network_backend.connect_tcp(**kwargs)
             ^^^^^^^^^^^^^^^^^^^^^^^^^^^^^^^^^^^^^^^^^^^^^^^^^
  File "C:\Users\yaser.alyousfi\Downloads\Misc\AZAN_UPDATED\AZAN\backend\venv\Lib\site-packages\httpcore\_backends\auto.py", line 31, in connect_tcp
    return await self._backend.connect_tcp(
           ^^^^^^^^^^^^^^^^^^^^^^^^^^^^^^^^
  File "C:\Users\yaser.alyousfi\Downloads\Misc\AZAN_UPDATED\AZAN\backend\venv\Lib\site-packages\httpcore\_backends\anyio.py", line 113, in connect_tcp
    with map_exceptions(exc_map):
         ^^^^^^^^^^^^^^^^^^^^^^^
  File "C:\Program Files\WindowsApps\PythonSoftwareFoundation.Python.3.12_3.12.2800.0_x64__qbz5n2kfra8p0\Lib\contextlib.py", line 158, in __exit__
    self.gen.throw(value)
  File "C:\Users\yaser.alyousfi\Downloads\Misc\AZAN_UPDATED\AZAN\backend\venv\Lib\site-packages\httpcore\_exceptions.py", line 14, in map_exceptions
    raise to_exc(exc) from exc
httpcore.ConnectError: All connection attempts failed

The above exception was the direct cause of the following exception:

Traceback (most recent call last):
  File "C:\Users\yaser.alyousfi\Downloads\Misc\AZAN_UPDATED\AZAN\backend\venv\Lib\site-packages\uvicorn\protocols\http\h11_impl.py", line 415, in run_asgi
    result = await app(  # type: ignore[func-returns-value]
             ^^^^^^^^^^^^^^^^^^^^^^^^^^^^^^^^^^^^^^^^^^^^^^
  File "C:\Users\yaser.alyousfi\Downloads\Misc\AZAN_UPDATED\AZAN\backend\venv\Lib\site-packages\uvicorn\middleware\proxy_headers.py", line 56, in __call__
    return await self.app(scope, receive, send)
           ^^^^^^^^^^^^^^^^^^^^^^^^^^^^^^^^^^^^
  File "C:\Users\yaser.alyousfi\Downloads\Misc\AZAN_UPDATED\AZAN\backend\venv\Lib\site-packages\fastapi\applications.py", line 1159, in __call__
    await super().__call__(scope, receive, send)
  File "C:\Users\yaser.alyousfi\Downloads\Misc\AZAN_UPDATED\AZAN\backend\venv\Lib\site-packages\starlette\applications.py", line 90, in __call__
    await self.middleware_stack(scope, receive, send)
  File "C:\Users\yaser.alyousfi\Downloads\Misc\AZAN_UPDATED\AZAN\backend\venv\Lib\site-packages\starlette\middleware\errors.py", line 186, in __call__
    raise exc
  File "C:\Users\yaser.alyousfi\Downloads\Misc\AZAN_UPDATED\AZAN\backend\venv\Lib\site-packages\starlette\middleware\errors.py", line 164, in __call__
    await self.app(scope, receive, _send)
  File "C:\Users\yaser.alyousfi\Downloads\Misc\AZAN_UPDATED\AZAN\backend\venv\Lib\site-packages\starlette\middleware\cors.py", line 88, in __call__
    await self.app(scope, receive, send)
  File "C:\Users\yaser.alyousfi\Downloads\Misc\AZAN_UPDATED\AZAN\backend\venv\Lib\site-packages\starlette\middleware\exceptions.py", line 63, in __call__
    await wrap_app_handling_exceptions(self.app, conn)(scope, receive, send)
  File "C:\Users\yaser.alyousfi\Downloads\Misc\AZAN_UPDATED\AZAN\backend\venv\Lib\site-packages\starlette\_exception_handler.py", line 53, in wrapped_app
    raise exc
  File "C:\Users\yaser.alyousfi\Downloads\Misc\AZAN_UPDATED\AZAN\backend\venv\Lib\site-packages\starlette\_exception_handler.py", line 42, in wrapped_app
    await app(scope, receive, sender)
  File "C:\Users\yaser.alyousfi\Downloads\Misc\AZAN_UPDATED\AZAN\backend\venv\Lib\site-packages\fastapi\middleware\asyncexitstack.py", line 18, in __call__
    await self.app(scope, receive, send)
  File "C:\Users\yaser.alyousfi\Downloads\Misc\AZAN_UPDATED\AZAN\backend\venv\Lib\site-packages\starlette\routing.py", line 660, in __call__
    await self.middleware_stack(scope, receive, send)
  File "C:\Users\yaser.alyousfi\Downloads\Misc\AZAN_UPDATED\AZAN\backend\venv\Lib\site-packages\starlette\routing.py", line 680, in app
    await route.handle(scope, receive, send)
  File "C:\Users\yaser.alyousfi\Downloads\Misc\AZAN_UPDATED\AZAN\backend\venv\Lib\site-packages\starlette\routing.py", line 276, in handle
    await self.app(scope, receive, send)
  File "C:\Users\yaser.alyousfi\Downloads\Misc\AZAN_UPDATED\AZAN\backend\venv\Lib\site-packages\fastapi\routing.py", line 134, in app
    await wrap_app_handling_exceptions(app, request)(scope, receive, send)
  File "C:\Users\yaser.alyousfi\Downloads\Misc\AZAN_UPDATED\AZAN\backend\venv\Lib\site-packages\starlette\_exception_handler.py", line 53, in wrapped_app
    raise exc
  File "C:\Users\yaser.alyousfi\Downloads\Misc\AZAN_UPDATED\AZAN\backend\venv\Lib\site-packages\starlette\_exception_handler.py", line 42, in wrapped_app
    await app(scope, receive, sender)
  File "C:\Users\yaser.alyousfi\Downloads\Misc\AZAN_UPDATED\AZAN\backend\venv\Lib\site-packages\fastapi\routing.py", line 121, in app
    await response(scope, receive, send)
  File "C:\Users\yaser.alyousfi\Downloads\Misc\AZAN_UPDATED\AZAN\backend\venv\Lib\site-packages\starlette\responses.py", line 273, in __call__
    with collapse_excgroups():
         ^^^^^^^^^^^^^^^^^^^^
  File "C:\Program Files\WindowsApps\PythonSoftwareFoundation.Python.3.12_3.12.2800.0_x64__qbz5n2kfra8p0\Lib\contextlib.py", line 158, in __exit__
    self.gen.throw(value)
  File "C:\Users\yaser.alyousfi\Downloads\Misc\AZAN_UPDATED\AZAN\backend\venv\Lib\site-packages\starlette\_utils.py", line 87, in collapse_excgroups
    raise exc
  File "C:\Users\yaser.alyousfi\Downloads\Misc\AZAN_UPDATED\AZAN\backend\venv\Lib\site-packages\starlette\responses.py", line 277, in wrap
    await func()
  File "C:\Users\yaser.alyousfi\Downloads\Misc\AZAN_UPDATED\AZAN\backend\venv\Lib\site-packages\starlette\responses.py", line 250, in stream_response
    async for chunk in self.body_iterator:
  File "C:\Users\yaser.alyousfi\Downloads\Misc\AZAN_UPDATED\AZAN\backend\server.py", line 192, in stream_generator
    async with client.stream("GET", RADIO_STREAM_URL, timeout=None) as response:
               ^^^^^^^^^^^^^^^^^^^^^^^^^^^^^^^^^^^^^^^^^^^^^^^^^^^^
  File "C:\Program Files\WindowsApps\PythonSoftwareFoundation.Python.3.12_3.12.2800.0_x64__qbz5n2kfra8p0\Lib\contextlib.py", line 210, in __aenter__
    return await anext(self.gen)
           ^^^^^^^^^^^^^^^^^^^^^
  File "C:\Users\yaser.alyousfi\Downloads\Misc\AZAN_UPDATED\AZAN\backend\venv\Lib\site-packages\httpx\_client.py", line 1583, in stream
    response = await self.send(
               ^^^^^^^^^^^^^^^^
  File "C:\Users\yaser.alyousfi\Downloads\Misc\AZAN_UPDATED\AZAN\backend\venv\Lib\site-packages\httpx\_client.py", line 1629, in send
    response = await self._send_handling_auth(
               ^^^^^^^^^^^^^^^^^^^^^^^^^^^^^^^
  File "C:\Users\yaser.alyousfi\Downloads\Misc\AZAN_UPDATED\AZAN\backend\venv\Lib\site-packages\httpx\_client.py", line 1657, in _send_handling_auth
    response = await self._send_handling_redirects(
               ^^^^^^^^^^^^^^^^^^^^^^^^^^^^^^^^^^^^
  File "C:\Users\yaser.alyousfi\Downloads\Misc\AZAN_UPDATED\AZAN\backend\venv\Lib\site-packages\httpx\_client.py", line 1694, in _send_handling_redirects
    response = await self._send_single_request(request)
               ^^^^^^^^^^^^^^^^^^^^^^^^^^^^^^^^^^^^^^^^
  File "C:\Users\yaser.alyousfi\Downloads\Misc\AZAN_UPDATED\AZAN\backend\venv\Lib\site-packages\httpx\_client.py", line 1730, in _send_single_request
    response = await transport.handle_async_request(request)
               ^^^^^^^^^^^^^^^^^^^^^^^^^^^^^^^^^^^^^^^^^^^^^
  File "C:\Users\yaser.alyousfi\Downloads\Misc\AZAN_UPDATED\AZAN\backend\venv\Lib\site-packages\httpx\_transports\default.py", line 393, in handle_async_request
    with map_httpcore_exceptions():
         ^^^^^^^^^^^^^^^^^^^^^^^^^
  File "C:\Program Files\WindowsApps\PythonSoftwareFoundation.Python.3.12_3.12.2800.0_x64__qbz5n2kfra8p0\Lib\contextlib.py", line 158, in __exit__
    self.gen.throw(value)
  File "C:\Users\yaser.alyousfi\Downloads\Misc\AZAN_UPDATED\AZAN\backend\venv\Lib\site-packages\httpx\_transports\default.py", line 118, in map_httpcore_exceptions
    raise mapped_exc(message) from exc
httpx.ConnectError: All connection attempts failed
ERROR:    Exception in ASGI application
Traceback (most recent call last):
  File "C:\Users\yaser.alyousfi\Downloads\Misc\AZAN_UPDATED\AZAN\backend\venv\Lib\site-packages\httpx\_transports\default.py", line 101, in map_httpcore_exceptions
    yield
  File "C:\Users\yaser.alyousfi\Downloads\Misc\AZAN_UPDATED\AZAN\backend\venv\Lib\site-packages\httpx\_transports\default.py", line 394, in handle_async_request
    resp = await self._pool.handle_async_request(req)
           ^^^^^^^^^^^^^^^^^^^^^^^^^^^^^^^^^^^^^^^^^^
  File "C:\Users\yaser.alyousfi\Downloads\Misc\AZAN_UPDATED\AZAN\backend\venv\Lib\site-packages\httpcore\_async\connection_pool.py", line 256, in handle_async_request
    raise exc from None
  File "C:\Users\yaser.alyousfi\Downloads\Misc\AZAN_UPDATED\AZAN\backend\venv\Lib\site-packages\httpcore\_async\connection_pool.py", line 236, in handle_async_request
    response = await connection.handle_async_request(
               ^^^^^^^^^^^^^^^^^^^^^^^^^^^^^^^^^^^^^^
  File "C:\Users\yaser.alyousfi\Downloads\Misc\AZAN_UPDATED\AZAN\backend\venv\Lib\site-packages\httpcore\_async\http_proxy.py", line 288, in handle_async_request
    connect_response = await self._connection.handle_async_request(
                       ^^^^^^^^^^^^^^^^^^^^^^^^^^^^^^^^^^^^^^^^^^^^
  File "C:\Users\yaser.alyousfi\Downloads\Misc\AZAN_UPDATED\AZAN\backend\venv\Lib\site-packages\httpcore\_async\connection.py", line 101, in handle_async_request
    raise exc
  File "C:\Users\yaser.alyousfi\Downloads\Misc\AZAN_UPDATED\AZAN\backend\venv\Lib\site-packages\httpcore\_async\connection.py", line 78, in handle_async_request
    stream = await self._connect(request)
             ^^^^^^^^^^^^^^^^^^^^^^^^^^^^
  File "C:\Users\yaser.alyousfi\Downloads\Misc\AZAN_UPDATED\AZAN\backend\venv\Lib\site-packages\httpcore\_async\connection.py", line 124, in _connect
    stream = await self._network_backend.connect_tcp(**kwargs)
             ^^^^^^^^^^^^^^^^^^^^^^^^^^^^^^^^^^^^^^^^^^^^^^^^^
  File "C:\Users\yaser.alyousfi\Downloads\Misc\AZAN_UPDATED\AZAN\backend\venv\Lib\site-packages\httpcore\_backends\auto.py", line 31, in connect_tcp
    return await self._backend.connect_tcp(
           ^^^^^^^^^^^^^^^^^^^^^^^^^^^^^^^^
  File "C:\Users\yaser.alyousfi\Downloads\Misc\AZAN_UPDATED\AZAN\backend\venv\Lib\site-packages\httpcore\_backends\anyio.py", line 113, in connect_tcp
    with map_exceptions(exc_map):
         ^^^^^^^^^^^^^^^^^^^^^^^
  File "C:\Program Files\WindowsApps\PythonSoftwareFoundation.Python.3.12_3.12.2800.0_x64__qbz5n2kfra8p0\Lib\contextlib.py", line 158, in __exit__
    self.gen.throw(value)
  File "C:\Users\yaser.alyousfi\Downloads\Misc\AZAN_UPDATED\AZAN\backend\venv\Lib\site-packages\httpcore\_exceptions.py", line 14, in map_exceptions
    raise to_exc(exc) from exc
httpcore.ConnectError: All connection attempts failed

The above exception was the direct cause of the following exception:

Traceback (most recent call last):
  File "C:\Users\yaser.alyousfi\Downloads\Misc\AZAN_UPDATED\AZAN\backend\venv\Lib\site-packages\uvicorn\protocols\http\h11_impl.py", line 415, in run_asgi
    result = await app(  # type: ignore[func-returns-value]
             ^^^^^^^^^^^^^^^^^^^^^^^^^^^^^^^^^^^^^^^^^^^^^^
  File "C:\Users\yaser.alyousfi\Downloads\Misc\AZAN_UPDATED\AZAN\backend\venv\Lib\site-packages\uvicorn\middleware\proxy_headers.py", line 56, in __call__
    return await self.app(scope, receive, send)
           ^^^^^^^^^^^^^^^^^^^^^^^^^^^^^^^^^^^^
  File "C:\Users\yaser.alyousfi\Downloads\Misc\AZAN_UPDATED\AZAN\backend\venv\Lib\site-packages\fastapi\applications.py", line 1159, in __call__
    await super().__call__(scope, receive, send)
  File "C:\Users\yaser.alyousfi\Downloads\Misc\AZAN_UPDATED\AZAN\backend\venv\Lib\site-packages\starlette\applications.py", line 90, in __call__
    await self.middleware_stack(scope, receive, send)
  File "C:\Users\yaser.alyousfi\Downloads\Misc\AZAN_UPDATED\AZAN\backend\venv\Lib\site-packages\starlette\middleware\errors.py", line 186, in __call__
    raise exc
  File "C:\Users\yaser.alyousfi\Downloads\Misc\AZAN_UPDATED\AZAN\backend\venv\Lib\site-packages\starlette\middleware\errors.py", line 164, in __call__
    await self.app(scope, receive, _send)
  File "C:\Users\yaser.alyousfi\Downloads\Misc\AZAN_UPDATED\AZAN\backend\venv\Lib\site-packages\starlette\middleware\cors.py", line 88, in __call__
    await self.app(scope, receive, send)
  File "C:\Users\yaser.alyousfi\Downloads\Misc\AZAN_UPDATED\AZAN\backend\venv\Lib\site-packages\starlette\middleware\exceptions.py", line 63, in __call__
    await wrap_app_handling_exceptions(self.app, conn)(scope, receive, send)
  File "C:\Users\yaser.alyousfi\Downloads\Misc\AZAN_UPDATED\AZAN\backend\venv\Lib\site-packages\starlette\_exception_handler.py", line 53, in wrapped_app
    raise exc
  File "C:\Users\yaser.alyousfi\Downloads\Misc\AZAN_UPDATED\AZAN\backend\venv\Lib\site-packages\starlette\_exception_handler.py", line 42, in wrapped_app
    await app(scope, receive, sender)
  File "C:\Users\yaser.alyousfi\Downloads\Misc\AZAN_UPDATED\AZAN\backend\venv\Lib\site-packages\fastapi\middleware\asyncexitstack.py", line 18, in __call__
    await self.app(scope, receive, send)
  File "C:\Users\yaser.alyousfi\Downloads\Misc\AZAN_UPDATED\AZAN\backend\venv\Lib\site-packages\starlette\routing.py", line 660, in __call__
    await self.middleware_stack(scope, receive, send)
  File "C:\Users\yaser.alyousfi\Downloads\Misc\AZAN_UPDATED\AZAN\backend\venv\Lib\site-packages\starlette\routing.py", line 680, in app
    await route.handle(scope, receive, send)
  File "C:\Users\yaser.alyousfi\Downloads\Misc\AZAN_UPDATED\AZAN\backend\venv\Lib\site-packages\starlette\routing.py", line 276, in handle
    await self.app(scope, receive, send)
  File "C:\Users\yaser.alyousfi\Downloads\Misc\AZAN_UPDATED\AZAN\backend\venv\Lib\site-packages\fastapi\routing.py", line 134, in app
    await wrap_app_handling_exceptions(app, request)(scope, receive, send)
  File "C:\Users\yaser.alyousfi\Downloads\Misc\AZAN_UPDATED\AZAN\backend\venv\Lib\site-packages\starlette\_exception_handler.py", line 53, in wrapped_app
    raise exc
  File "C:\Users\yaser.alyousfi\Downloads\Misc\AZAN_UPDATED\AZAN\backend\venv\Lib\site-packages\starlette\_exception_handler.py", line 42, in wrapped_app
    await app(scope, receive, sender)
  File "C:\Users\yaser.alyousfi\Downloads\Misc\AZAN_UPDATED\AZAN\backend\venv\Lib\site-packages\fastapi\routing.py", line 121, in app
    await response(scope, receive, send)
  File "C:\Users\yaser.alyousfi\Downloads\Misc\AZAN_UPDATED\AZAN\backend\venv\Lib\site-packages\starlette\responses.py", line 273, in __call__
    with collapse_excgroups():
         ^^^^^^^^^^^^^^^^^^^^
  File "C:\Program Files\WindowsApps\PythonSoftwareFoundation.Python.3.12_3.12.2800.0_x64__qbz5n2kfra8p0\Lib\contextlib.py", line 158, in __exit__
    self.gen.throw(value)
  File "C:\Users\yaser.alyousfi\Downloads\Misc\AZAN_UPDATED\AZAN\backend\venv\Lib\site-packages\starlette\_utils.py", line 87, in collapse_excgroups
    raise exc
  File "C:\Users\yaser.alyousfi\Downloads\Misc\AZAN_UPDATED\AZAN\backend\venv\Lib\site-packages\starlette\responses.py", line 277, in wrap
    await func()
  File "C:\Users\yaser.alyousfi\Downloads\Misc\AZAN_UPDATED\AZAN\backend\venv\Lib\site-packages\starlette\responses.py", line 250, in stream_response
    async for chunk in self.body_iterator:
  File "C:\Users\yaser.alyousfi\Downloads\Misc\AZAN_UPDATED\AZAN\backend\server.py", line 192, in stream_generator
    async with client.stream("GET", RADIO_STREAM_URL, timeout=None) as response:
               ^^^^^^^^^^^^^^^^^^^^^^^^^^^^^^^^^^^^^^^^^^^^^^^^^^^^
  File "C:\Program Files\WindowsApps\PythonSoftwareFoundation.Python.3.12_3.12.2800.0_x64__qbz5n2kfra8p0\Lib\contextlib.py", line 210, in __aenter__
    return await anext(self.gen)
           ^^^^^^^^^^^^^^^^^^^^^
  File "C:\Users\yaser.alyousfi\Downloads\Misc\AZAN_UPDATED\AZAN\backend\venv\Lib\site-packages\httpx\_client.py", line 1583, in stream
    response = await self.send(
               ^^^^^^^^^^^^^^^^
  File "C:\Users\yaser.alyousfi\Downloads\Misc\AZAN_UPDATED\AZAN\backend\venv\Lib\site-packages\httpx\_client.py", line 1629, in send
    response = await self._send_handling_auth(
               ^^^^^^^^^^^^^^^^^^^^^^^^^^^^^^^
  File "C:\Users\yaser.alyousfi\Downloads\Misc\AZAN_UPDATED\AZAN\backend\venv\Lib\site-packages\httpx\_client.py", line 1657, in _send_handling_auth
    response = await self._send_handling_redirects(
               ^^^^^^^^^^^^^^^^^^^^^^^^^^^^^^^^^^^^
  File "C:\Users\yaser.alyousfi\Downloads\Misc\AZAN_UPDATED\AZAN\backend\venv\Lib\site-packages\httpx\_client.py", line 1694, in _send_handling_redirects
    response = await self._send_single_request(request)
               ^^^^^^^^^^^^^^^^^^^^^^^^^^^^^^^^^^^^^^^^
  File "C:\Users\yaser.alyousfi\Downloads\Misc\AZAN_UPDATED\AZAN\backend\venv\Lib\site-packages\httpx\_client.py", line 1730, in _send_single_request
    response = await transport.handle_async_request(request)
               ^^^^^^^^^^^^^^^^^^^^^^^^^^^^^^^^^^^^^^^^^^^^^
  File "C:\Users\yaser.alyousfi\Downloads\Misc\AZAN_UPDATED\AZAN\backend\venv\Lib\site-packages\httpx\_transports\default.py", line 393, in handle_async_request
    with map_httpcore_exceptions():
         ^^^^^^^^^^^^^^^^^^^^^^^^^
  File "C:\Program Files\WindowsApps\PythonSoftwareFoundation.Python.3.12_3.12.2800.0_x64__qbz5n2kfra8p0\Lib\contextlib.py", line 158, in __exit__
    self.gen.throw(value)
  File "C:\Users\yaser.alyousfi\Downloads\Misc\AZAN_UPDATED\AZAN\backend\venv\Lib\site-packages\httpx\_transports\default.py", line 118, in map_httpcore_exceptions
    raise mapped_exc(message) from exc
httpx.ConnectError: All connection attempts failed
ERROR:    Exception in ASGI application
Traceback (most recent call last):
  File "C:\Users\yaser.alyousfi\Downloads\Misc\AZAN_UPDATED\AZAN\backend\venv\Lib\site-packages\httpx\_transports\default.py", line 101, in map_httpcore_exceptions
    yield
  File "C:\Users\yaser.alyousfi\Downloads\Misc\AZAN_UPDATED\AZAN\backend\venv\Lib\site-packages\httpx\_transports\default.py", line 394, in handle_async_request
    resp = await self._pool.handle_async_request(req)
           ^^^^^^^^^^^^^^^^^^^^^^^^^^^^^^^^^^^^^^^^^^
  File "C:\Users\yaser.alyousfi\Downloads\Misc\AZAN_UPDATED\AZAN\backend\venv\Lib\site-packages\httpcore\_async\connection_pool.py", line 256, in handle_async_request
    raise exc from None
  File "C:\Users\yaser.alyousfi\Downloads\Misc\AZAN_UPDATED\AZAN\backend\venv\Lib\site-packages\httpcore\_async\connection_pool.py", line 236, in handle_async_request
    response = await connection.handle_async_request(
               ^^^^^^^^^^^^^^^^^^^^^^^^^^^^^^^^^^^^^^
  File "C:\Users\yaser.alyousfi\Downloads\Misc\AZAN_UPDATED\AZAN\backend\venv\Lib\site-packages\httpcore\_async\http_proxy.py", line 288, in handle_async_request
    connect_response = await self._connection.handle_async_request(
                       ^^^^^^^^^^^^^^^^^^^^^^^^^^^^^^^^^^^^^^^^^^^^
  File "C:\Users\yaser.alyousfi\Downloads\Misc\AZAN_UPDATED\AZAN\backend\venv\Lib\site-packages\httpcore\_async\connection.py", line 101, in handle_async_request
    raise exc
  File "C:\Users\yaser.alyousfi\Downloads\Misc\AZAN_UPDATED\AZAN\backend\venv\Lib\site-packages\httpcore\_async\connection.py", line 78, in handle_async_request
    stream = await self._connect(request)
             ^^^^^^^^^^^^^^^^^^^^^^^^^^^^
  File "C:\Users\yaser.alyousfi\Downloads\Misc\AZAN_UPDATED\AZAN\backend\venv\Lib\site-packages\httpcore\_async\connection.py", line 124, in _connect
    stream = await self._network_backend.connect_tcp(**kwargs)
             ^^^^^^^^^^^^^^^^^^^^^^^^^^^^^^^^^^^^^^^^^^^^^^^^^
  File "C:\Users\yaser.alyousfi\Downloads\Misc\AZAN_UPDATED\AZAN\backend\venv\Lib\site-packages\httpcore\_backends\auto.py", line 31, in connect_tcp
    return await self._backend.connect_tcp(
           ^^^^^^^^^^^^^^^^^^^^^^^^^^^^^^^^
  File "C:\Users\yaser.alyousfi\Downloads\Misc\AZAN_UPDATED\AZAN\backend\venv\Lib\site-packages\httpcore\_backends\anyio.py", line 113, in connect_tcp
    with map_exceptions(exc_map):
         ^^^^^^^^^^^^^^^^^^^^^^^
  File "C:\Program Files\WindowsApps\PythonSoftwareFoundation.Python.3.12_3.12.2800.0_x64__qbz5n2kfra8p0\Lib\contextlib.py", line 158, in __exit__
    self.gen.throw(value)
  File "C:\Users\yaser.alyousfi\Downloads\Misc\AZAN_UPDATED\AZAN\backend\venv\Lib\site-packages\httpcore\_exceptions.py", line 14, in map_exceptions
    raise to_exc(exc) from exc
httpcore.ConnectError: All connection attempts failed

The above exception was the direct cause of the following exception:

Traceback (most recent call last):
  File "C:\Users\yaser.alyousfi\Downloads\Misc\AZAN_UPDATED\AZAN\backend\venv\Lib\site-packages\uvicorn\protocols\http\h11_impl.py", line 415, in run_asgi
    result = await app(  # type: ignore[func-returns-value]
             ^^^^^^^^^^^^^^^^^^^^^^^^^^^^^^^^^^^^^^^^^^^^^^
  File "C:\Users\yaser.alyousfi\Downloads\Misc\AZAN_UPDATED\AZAN\backend\venv\Lib\site-packages\uvicorn\middleware\proxy_headers.py", line 56, in __call__
    return await self.app(scope, receive, send)
           ^^^^^^^^^^^^^^^^^^^^^^^^^^^^^^^^^^^^
  File "C:\Users\yaser.alyousfi\Downloads\Misc\AZAN_UPDATED\AZAN\backend\venv\Lib\site-packages\fastapi\applications.py", line 1159, in __call__
    await super().__call__(scope, receive, send)
  File "C:\Users\yaser.alyousfi\Downloads\Misc\AZAN_UPDATED\AZAN\backend\venv\Lib\site-packages\starlette\applications.py", line 90, in __call__
    await self.middleware_stack(scope, receive, send)
  File "C:\Users\yaser.alyousfi\Downloads\Misc\AZAN_UPDATED\AZAN\backend\venv\Lib\site-packages\starlette\middleware\errors.py", line 186, in __call__
    raise exc
  File "C:\Users\yaser.alyousfi\Downloads\Misc\AZAN_UPDATED\AZAN\backend\venv\Lib\site-packages\starlette\middleware\errors.py", line 164, in __call__
    await self.app(scope, receive, _send)
  File "C:\Users\yaser.alyousfi\Downloads\Misc\AZAN_UPDATED\AZAN\backend\venv\Lib\site-packages\starlette\middleware\cors.py", line 88, in __call__
    await self.app(scope, receive, send)
  File "C:\Users\yaser.alyousfi\Downloads\Misc\AZAN_UPDATED\AZAN\backend\venv\Lib\site-packages\starlette\middleware\exceptions.py", line 63, in __call__
    await wrap_app_handling_exceptions(self.app, conn)(scope, receive, send)
  File "C:\Users\yaser.alyousfi\Downloads\Misc\AZAN_UPDATED\AZAN\backend\venv\Lib\site-packages\starlette\_exception_handler.py", line 53, in wrapped_app
    raise exc
  File "C:\Users\yaser.alyousfi\Downloads\Misc\AZAN_UPDATED\AZAN\backend\venv\Lib\site-packages\starlette\_exception_handler.py", line 42, in wrapped_app
    await app(scope, receive, sender)
  File "C:\Users\yaser.alyousfi\Downloads\Misc\AZAN_UPDATED\AZAN\backend\venv\Lib\site-packages\fastapi\middleware\asyncexitstack.py", line 18, in __call__
    await self.app(scope, receive, send)
  File "C:\Users\yaser.alyousfi\Downloads\Misc\AZAN_UPDATED\AZAN\backend\venv\Lib\site-packages\starlette\routing.py", line 660, in __call__
    await self.middleware_stack(scope, receive, send)
  File "C:\Users\yaser.alyousfi\Downloads\Misc\AZAN_UPDATED\AZAN\backend\venv\Lib\site-packages\starlette\routing.py", line 680, in app
    await route.handle(scope, receive, send)
  File "C:\Users\yaser.alyousfi\Downloads\Misc\AZAN_UPDATED\AZAN\backend\venv\Lib\site-packages\starlette\routing.py", line 276, in handle
    await self.app(scope, receive, send)
  File "C:\Users\yaser.alyousfi\Downloads\Misc\AZAN_UPDATED\AZAN\backend\venv\Lib\site-packages\fastapi\routing.py", line 134, in app
    await wrap_app_handling_exceptions(app, request)(scope, receive, send)
  File "C:\Users\yaser.alyousfi\Downloads\Misc\AZAN_UPDATED\AZAN\backend\venv\Lib\site-packages\starlette\_exception_handler.py", line 53, in wrapped_app
    raise exc
  File "C:\Users\yaser.alyousfi\Downloads\Misc\AZAN_UPDATED\AZAN\backend\venv\Lib\site-packages\starlette\_exception_handler.py", line 42, in wrapped_app
    await app(scope, receive, sender)
  File "C:\Users\yaser.alyousfi\Downloads\Misc\AZAN_UPDATED\AZAN\backend\venv\Lib\site-packages\fastapi\routing.py", line 121, in app
    await response(scope, receive, send)
  File "C:\Users\yaser.alyousfi\Downloads\Misc\AZAN_UPDATED\AZAN\backend\venv\Lib\site-packages\starlette\responses.py", line 273, in __call__
    with collapse_excgroups():
         ^^^^^^^^^^^^^^^^^^^^
  File "C:\Program Files\WindowsApps\PythonSoftwareFoundation.Python.3.12_3.12.2800.0_x64__qbz5n2kfra8p0\Lib\contextlib.py", line 158, in __exit__
    self.gen.throw(value)
  File "C:\Users\yaser.alyousfi\Downloads\Misc\AZAN_UPDATED\AZAN\backend\venv\Lib\site-packages\starlette\_utils.py", line 87, in collapse_excgroups
    raise exc
  File "C:\Users\yaser.alyousfi\Downloads\Misc\AZAN_UPDATED\AZAN\backend\venv\Lib\site-packages\starlette\responses.py", line 277, in wrap
    await func()
  File "C:\Users\yaser.alyousfi\Downloads\Misc\AZAN_UPDATED\AZAN\backend\venv\Lib\site-packages\starlette\responses.py", line 250, in stream_response
    async for chunk in self.body_iterator:
  File "C:\Users\yaser.alyousfi\Downloads\Misc\AZAN_UPDATED\AZAN\backend\server.py", line 192, in stream_generator
    async with client.stream("GET", RADIO_STREAM_URL, timeout=None) as response:
               ^^^^^^^^^^^^^^^^^^^^^^^^^^^^^^^^^^^^^^^^^^^^^^^^^^^^
  File "C:\Program Files\WindowsApps\PythonSoftwareFoundation.Python.3.12_3.12.2800.0_x64__qbz5n2kfra8p0\Lib\contextlib.py", line 210, in __aenter__
    return await anext(self.gen)
           ^^^^^^^^^^^^^^^^^^^^^
  File "C:\Users\yaser.alyousfi\Downloads\Misc\AZAN_UPDATED\AZAN\backend\venv\Lib\site-packages\httpx\_client.py", line 1583, in stream
    response = await self.send(
               ^^^^^^^^^^^^^^^^
  File "C:\Users\yaser.alyousfi\Downloads\Misc\AZAN_UPDATED\AZAN\backend\venv\Lib\site-packages\httpx\_client.py", line 1629, in send
    response = await self._send_handling_auth(
               ^^^^^^^^^^^^^^^^^^^^^^^^^^^^^^^
  File "C:\Users\yaser.alyousfi\Downloads\Misc\AZAN_UPDATED\AZAN\backend\venv\Lib\site-packages\httpx\_client.py", line 1657, in _send_handling_auth
    response = await self._send_handling_redirects(
               ^^^^^^^^^^^^^^^^^^^^^^^^^^^^^^^^^^^^
  File "C:\Users\yaser.alyousfi\Downloads\Misc\AZAN_UPDATED\AZAN\backend\venv\Lib\site-packages\httpx\_client.py", line 1694, in _send_handling_redirects
    response = await self._send_single_request(request)
               ^^^^^^^^^^^^^^^^^^^^^^^^^^^^^^^^^^^^^^^^
  File "C:\Users\yaser.alyousfi\Downloads\Misc\AZAN_UPDATED\AZAN\backend\venv\Lib\site-packages\httpx\_client.py", line 1730, in _send_single_request
    response = await transport.handle_async_request(request)
               ^^^^^^^^^^^^^^^^^^^^^^^^^^^^^^^^^^^^^^^^^^^^^
  File "C:\Users\yaser.alyousfi\Downloads\Misc\AZAN_UPDATED\AZAN\backend\venv\Lib\site-packages\httpx\_transports\default.py", line 393, in handle_async_request
    with map_httpcore_exceptions():
         ^^^^^^^^^^^^^^^^^^^^^^^^^
  File "C:\Program Files\WindowsApps\PythonSoftwareFoundation.Python.3.12_3.12.2800.0_x64__qbz5n2kfra8p0\Lib\contextlib.py", line 158, in __exit__
    self.gen.throw(value)
  File "C:\Users\yaser.alyousfi\Downloads\Misc\AZAN_UPDATED\AZAN\backend\venv\Lib\site-packages\httpx\_transports\default.py", line 118, in map_httpcore_exceptions
    raise mapped_exc(message) from exc
httpx.ConnectError: All connection attempts failed
