Skipping dependency validation in offline mode
Failed to construct transformer:  Error: spawn EPERM
    at ChildProcess.spawn (node:internal/child_process:421:11)
    at spawn (node:child_process:796:9)
    at fork (node:child_process:174:10)
    at ChildProcessWorker.initialize (C:\Users\yaser.alyousfi\Downloads\Misc\AZAN_UPDATED\AZAN\frontend\node_modules\jest-worker\build\workers\ChildProcessWorker.js:144:45)
    at new ChildProcessWorker (C:\Users\yaser.alyousfi\Downloads\Misc\AZAN_UPDATED\AZAN\frontend\node_modules\jest-worker\build\workers\ChildProcessWorker.js:100:10)
    at WorkerPool.createWorker (C:\Users\yaser.alyousfi\Downloads\Misc\AZAN_UPDATED\AZAN\frontend\node_modules\jest-worker\build\WorkerPool.js:30:12)
    at new BaseWorkerPool (C:\Users\yaser.alyousfi\Downloads\Misc\AZAN_UPDATED\AZAN\frontend\node_modules\jest-worker\build\base\BaseWorkerPool.js:55:27)
    at new WorkerPool (C:\Users\yaser.alyousfi\Downloads\Misc\AZAN_UPDATED\AZAN\frontend\node_modules\jest-worker\build\WorkerPool.js:18:1)
    at new Worker (C:\Users\yaser.alyousfi\Downloads\Misc\AZAN_UPDATED\AZAN\frontend\node_modules\jest-worker\build\index.js:141:26)
    at WorkerFarm._makeFarm (C:\Users\yaser.alyousfi\Downloads\Misc\AZAN_UPDATED\AZAN\frontend\node_modules\metro\src\DeltaBundler\WorkerFarm.js:70:12) {
  errno: -4048,
  code: 'EPERM',
  syscall: 'spawn'
}
Error: Cannot pipe to a closed or destroyed stream
    at pipelineImpl (node:internal/streams/pipeline:264:15)
    at node:stream/promises:31:5
    at new Promise (<anonymous>)
    at pipeline (node:stream/promises:20:10)
    at respond (C:\Users\yaser.alyousfi\Downloads\Misc\AZAN_UPDATED\AZAN\frontend\node_modules\expo-server\src\vendor\http.ts:138:19)
    at C:\Users\yaser.alyousfi\Downloads\Misc\AZAN_UPDATED\AZAN\frontend\node_modules\expo-server\src\vendor\http.ts:68:13
    at processTicksAndRejections (node:internal/process/task_queues:104:5)
